[DEBUG] 2023-12-03 08:31:54.674 [main] ArrayHelper - closing original array
[DEBUG] 2023-12-03 08:31:54.679 [main] ArrayHelper - -----------------iteration : 0---------------------------
[DEBUG] 2023-12-03 08:31:54.679 [main] ArrayHelper - array[j]:23 > array[j+1]:12
[DEBUG] 2023-12-03 08:31:54.679 [main] ArrayHelper - array[j]:23 > array[j+1]:56
[DEBUG] 2023-12-03 08:31:54.679 [main] ArrayHelper - array[j]:56 > array[j+1]:9
[DEBUG] 2023-12-03 08:31:54.679 [main] ArrayHelper - array[j]:56 > array[j+1]:39
[DEBUG] 2023-12-03 08:31:54.679 [main] ArrayHelper - array[j]:56 > array[j+1]:11
[DEBUG] 2023-12-03 08:31:54.679 [main] ArrayHelper - ----------------------------end of iteration: 0------------------
[DEBUG] 2023-12-03 08:31:54.679 [main] ArrayHelper - -----------------iteration : 1---------------------------
[DEBUG] 2023-12-03 08:31:54.679 [main] ArrayHelper - array[j]:12 > array[j+1]:23
[DEBUG] 2023-12-03 08:31:54.679 [main] ArrayHelper - array[j]:23 > array[j+1]:9
[DEBUG] 2023-12-03 08:31:54.679 [main] ArrayHelper - array[j]:23 > array[j+1]:39
[DEBUG] 2023-12-03 08:31:54.679 [main] ArrayHelper - array[j]:39 > array[j+1]:11
[DEBUG] 2023-12-03 08:31:54.679 [main] ArrayHelper - ----------------------------end of iteration: 1------------------
[DEBUG] 2023-12-03 08:31:54.679 [main] ArrayHelper - -----------------iteration : 2---------------------------
[DEBUG] 2023-12-03 08:31:54.679 [main] ArrayHelper - array[j]:12 > array[j+1]:9
[DEBUG] 2023-12-03 08:31:54.680 [main] ArrayHelper - array[j]:12 > array[j+1]:23
[DEBUG] 2023-12-03 08:31:54.680 [main] ArrayHelper - array[j]:23 > array[j+1]:11
[DEBUG] 2023-12-03 08:31:54.680 [main] ArrayHelper - ----------------------------end of iteration: 2------------------
[DEBUG] 2023-12-03 08:31:54.680 [main] ArrayHelper - -----------------iteration : 3---------------------------
[DEBUG] 2023-12-03 08:31:54.680 [main] ArrayHelper - array[j]:9 > array[j+1]:12
[DEBUG] 2023-12-03 08:31:54.680 [main] ArrayHelper - array[j]:12 > array[j+1]:11
[DEBUG] 2023-12-03 08:31:54.680 [main] ArrayHelper - ----------------------------end of iteration: 3------------------
[DEBUG] 2023-12-03 08:31:54.680 [main] ArrayHelper - -----------------iteration : 4---------------------------
[DEBUG] 2023-12-03 08:31:54.680 [main] ArrayHelper - array[j]:9 > array[j+1]:11
[DEBUG] 2023-12-03 08:31:54.680 [main] ArrayHelper - ----------------------------end of iteration: 4------------------
[DEBUG] 2023-12-03 08:31:54.680 [main] ArrayHelper - -----------------iteration : 5---------------------------
[DEBUG] 2023-12-03 08:31:54.680 [main] ArrayHelper - ----------------------------end of iteration: 5------------------
[DEBUG] 2023-12-03 08:31:54.680 [main] ArrayHelper - sorted array :[9, 11, 12, 23, 39, 56] 
[DEBUG] 2023-12-03 08:33:00.689 [main] ArrayHelper - cloning original array: [23, 12, 56, 9, 39, 11]
[DEBUG] 2023-12-03 08:33:00.690 [main] ArrayHelper - -----------------iteration : 0---------------------------
[DEBUG] 2023-12-03 08:33:00.690 [main] ArrayHelper - array[j]:23 > array[j+1]:12
[DEBUG] 2023-12-03 08:33:00.690 [main] ArrayHelper - array[j]:23 > array[j+1]:56
[DEBUG] 2023-12-03 08:33:00.690 [main] ArrayHelper - array[j]:56 > array[j+1]:9
[DEBUG] 2023-12-03 08:33:00.690 [main] ArrayHelper - array[j]:56 > array[j+1]:39
[DEBUG] 2023-12-03 08:33:00.691 [main] ArrayHelper - array[j]:56 > array[j+1]:11
[DEBUG] 2023-12-03 08:33:00.691 [main] ArrayHelper - ----------------------------end of iteration: 0------------------
[DEBUG] 2023-12-03 08:33:00.691 [main] ArrayHelper - -----------------iteration : 1---------------------------
[DEBUG] 2023-12-03 08:33:00.691 [main] ArrayHelper - array[j]:12 > array[j+1]:23
[DEBUG] 2023-12-03 08:33:00.691 [main] ArrayHelper - array[j]:23 > array[j+1]:9
[DEBUG] 2023-12-03 08:33:00.691 [main] ArrayHelper - array[j]:23 > array[j+1]:39
[DEBUG] 2023-12-03 08:33:00.691 [main] ArrayHelper - array[j]:39 > array[j+1]:11
[DEBUG] 2023-12-03 08:33:00.691 [main] ArrayHelper - ----------------------------end of iteration: 1------------------
[DEBUG] 2023-12-03 08:33:00.691 [main] ArrayHelper - -----------------iteration : 2---------------------------
[DEBUG] 2023-12-03 08:33:00.691 [main] ArrayHelper - array[j]:12 > array[j+1]:9
[DEBUG] 2023-12-03 08:33:00.691 [main] ArrayHelper - array[j]:12 > array[j+1]:23
[DEBUG] 2023-12-03 08:33:00.691 [main] ArrayHelper - array[j]:23 > array[j+1]:11
[DEBUG] 2023-12-03 08:33:00.691 [main] ArrayHelper - ----------------------------end of iteration: 2------------------
[DEBUG] 2023-12-03 08:33:00.691 [main] ArrayHelper - -----------------iteration : 3---------------------------
[DEBUG] 2023-12-03 08:33:00.691 [main] ArrayHelper - array[j]:9 > array[j+1]:12
[DEBUG] 2023-12-03 08:33:00.691 [main] ArrayHelper - array[j]:12 > array[j+1]:11
[DEBUG] 2023-12-03 08:33:00.691 [main] ArrayHelper - ----------------------------end of iteration: 3------------------
[DEBUG] 2023-12-03 08:33:00.692 [main] ArrayHelper - -----------------iteration : 4---------------------------
[DEBUG] 2023-12-03 08:33:00.692 [main] ArrayHelper - array[j]:9 > array[j+1]:11
[DEBUG] 2023-12-03 08:33:00.692 [main] ArrayHelper - ----------------------------end of iteration: 4------------------
[DEBUG] 2023-12-03 08:33:00.692 [main] ArrayHelper - -----------------iteration : 5---------------------------
[DEBUG] 2023-12-03 08:33:00.692 [main] ArrayHelper - ----------------------------end of iteration: 5------------------
[DEBUG] 2023-12-03 08:33:00.692 [main] ArrayHelper - sorted array :[9, 11, 12, 23, 39, 56] 
